

================================================================
== Vivado HLS Report for 'spmv'
================================================================
* Date:           Fri Dec 25 01:36:03 2020

* Version:        2019.2 (Build 2704478 on Wed Nov 06 22:10:23 MST 2019)
* Project:        sparse_matrix_vector_multiplication
* Solution:       solution1
* Product family: zynq
* Target device:  xc7z020-clg484-1


================================================================
== Performance Estimates
================================================================
+ Timing: 
    * Summary: 
    +--------+----------+----------+------------+
    |  Clock |  Target  | Estimated| Uncertainty|
    +--------+----------+----------+------------+
    |ap_clk  | 10.00 ns | 8.024 ns |   1.25 ns  |
    +--------+----------+----------+------------+

+ Latency: 
    * Summary: 
    +---------+---------+----------+----------+-----+-----+---------+
    |  Latency (cycles) |  Latency (absolute) |  Interval | Pipeline|
    |   min   |   max   |    min   |    max   | min | max |   Type  |
    +---------+---------+----------+----------+-----+-----+---------+
    |       85|      145| 0.850 us | 1.450 us |   85|  145|   none  |
    +---------+---------+----------+----------+-----+-----+---------+

    + Detail: 
        * Instance: 
        N/A

        * Loop: 
        +----------+---------+---------+----------+-----------+-----------+-------+----------+
        |          |  Latency (cycles) | Iteration|  Initiation Interval  |  Trip |          |
        | Loop Name|   min   |   max   |  Latency |  achieved |   target  | Count | Pipelined|
        +----------+---------+---------+----------+-----------+-----------+-------+----------+
        |- L1      |       84|      144|  21 ~ 36 |          -|          -|      4|    no    |
        | + L2_1   |       17|       32|        18|          5|          2| 1 ~ 4 |    yes   |
        +----------+---------+---------+----------+-----------+-----------+-------+----------+



================================================================
== Utilization Estimates
================================================================
* Summary: 
+-----------------+---------+-------+--------+-------+-----+
|       Name      | BRAM_18K| DSP48E|   FF   |  LUT  | URAM|
+-----------------+---------+-------+--------+-------+-----+
|DSP              |        -|      -|       -|      -|    -|
|Expression       |        -|      -|       0|    169|    -|
|FIFO             |        -|      -|       -|      -|    -|
|Instance         |        -|      5|     348|    711|    -|
|Memory           |        -|      -|       -|      -|    -|
|Multiplexer      |        -|      -|       -|    152|    -|
|Register         |        0|      -|     504|     64|    -|
+-----------------+---------+-------+--------+-------+-----+
|Total            |        0|      5|     852|   1096|    0|
+-----------------+---------+-------+--------+-------+-----+
|Available        |      280|    220|  106400|  53200|    0|
+-----------------+---------+-------+--------+-------+-----+
|Utilization (%)  |        0|      2|   ~0   |      2|    0|
+-----------------+---------+-------+--------+-------+-----+

+ Detail: 
    * Instance: 
    +-------------------------+----------------------+---------+-------+-----+-----+-----+
    |         Instance        |        Module        | BRAM_18K| DSP48E|  FF | LUT | URAM|
    +-------------------------+----------------------+---------+-------+-----+-----+-----+
    |spmv_fadd_32ns_32bkb_U1  |spmv_fadd_32ns_32bkb  |        0|      2|  205|  390|    0|
    |spmv_fmul_32ns_32cud_U2  |spmv_fmul_32ns_32cud  |        0|      3|  143|  321|    0|
    +-------------------------+----------------------+---------+-------+-----+-----+-----+
    |Total                    |                      |        0|      5|  348|  711|    0|
    +-------------------------+----------------------+---------+-------+-----+-----+-----+

    * DSP48E: 
    N/A

    * Memory: 
    N/A

    * FIFO: 
    N/A

    * Expression: 
    +-----------------------+----------+-------+---+----+------------+------------+
    |     Variable Name     | Operation| DSP48E| FF| LUT| Bitwidth P0| Bitwidth P1|
    +-----------------------+----------+-------+---+----+------------+------------+
    |add_ln89_fu_242_p2     |     +    |      0|  0|  39|          32|           1|
    |i_fu_215_p2            |     +    |      0|  0|  12|           3|           1|
    |k_1_fu_269_p2          |     +    |      0|  0|  39|          32|           2|
    |icmp_ln82_fu_209_p2    |   icmp   |      0|  0|   9|           3|           4|
    |icmp_ln84_fu_231_p2    |   icmp   |      0|  0|  18|          32|          32|
    |icmp_ln89_fu_248_p2    |   icmp   |      0|  0|  18|          32|          32|
    |select_ln89_fu_275_p3  |  select  |      0|  0|  32|           1|          32|
    |ap_enable_pp0          |    xor   |      0|  0|   2|           1|           2|
    +-----------------------+----------+-------+---+----+------------+------------+
    |Total                  |          |      0|  0| 169|         136|         106|
    +-----------------------+----------+-------+---+----+------------+------------+

    * Multiplexer: 
    +------------------------------+----+-----------+-----+-----------+
    |             Name             | LUT| Input Size| Bits| Total Bits|
    +------------------------------+----+-----------+-----+-----------+
    |ap_NS_fsm                     |  47|         10|    1|         10|
    |ap_enable_reg_pp0_iter3       |   9|          2|    1|          2|
    |ap_phi_mux_k_0_phi_fu_192_p4  |   9|          2|   32|         64|
    |grp_fu_199_p0                 |  15|          3|   32|         96|
    |grp_fu_199_p1                 |  15|          3|   32|         96|
    |grp_fu_204_p0                 |  15|          3|   32|         96|
    |grp_fu_204_p1                 |  15|          3|   32|         96|
    |i_0_reg_165                   |   9|          2|    3|          6|
    |k_0_reg_189                   |   9|          2|   32|         64|
    |y0_0_reg_176                  |   9|          2|   32|         64|
    +------------------------------+----+-----------+-----+-----------+
    |Total                         | 152|         32|  229|        594|
    +------------------------------+----+-----------+-----+-----------+

    * Register: 
    +--------------------------+----+----+-----+-----------+
    |           Name           | FF | LUT| Bits| Const Bits|
    +--------------------------+----+----+-----+-----------+
    |ap_CS_fsm                 |   9|   0|    9|          0|
    |ap_enable_reg_pp0_iter0   |   1|   0|    1|          0|
    |ap_enable_reg_pp0_iter1   |   1|   0|    1|          0|
    |ap_enable_reg_pp0_iter2   |   1|   0|    1|          0|
    |ap_enable_reg_pp0_iter3   |   1|   0|    1|          0|
    |i_0_reg_165               |   3|   0|    3|          0|
    |i_reg_284                 |   3|   0|    3|          0|
    |icmp_ln84_reg_315         |   1|   0|    1|          0|
    |icmp_ln89_reg_329         |   1|   0|    1|          0|
    |k_0_reg_189               |  32|   0|   32|          0|
    |k_1_reg_374               |  32|   0|   32|          0|
    |rowPtr_load_reg_309       |  32|   0|   32|          0|
    |select_ln89_reg_390       |  32|   0|   32|          0|
    |tmp2_reg_385              |  32|   0|   32|          0|
    |values_load_1_reg_354     |  32|   0|   32|          0|
    |values_load_reg_344       |  32|   0|   32|          0|
    |x_load_1_reg_369          |  32|   0|   32|          0|
    |y0_0_reg_176              |  32|   0|   32|          0|
    |yt_reg_379                |  32|   0|   32|          0|
    |yt_reg_379_pp0_iter2_reg  |  32|   0|   32|          0|
    |zext_ln84_reg_289         |   3|   0|   64|         61|
    |icmp_ln84_reg_315         |  64|  32|    1|          0|
    |icmp_ln89_reg_329         |  64|  32|    1|          0|
    +--------------------------+----+----+-----+-----------+
    |Total                     | 504|  64|  439|         61|
    +--------------------------+----+----+-----+-----------+



================================================================
== Interface
================================================================
* Summary: 
+----------------------+-----+-----+------------+--------------+--------------+
|       RTL Ports      | Dir | Bits|  Protocol  | Source Object|    C Type    |
+----------------------+-----+-----+------------+--------------+--------------+
|ap_clk                |  in |    1| ap_ctrl_hs |     spmv     | return value |
|ap_rst                |  in |    1| ap_ctrl_hs |     spmv     | return value |
|ap_start              |  in |    1| ap_ctrl_hs |     spmv     | return value |
|ap_done               | out |    1| ap_ctrl_hs |     spmv     | return value |
|ap_idle               | out |    1| ap_ctrl_hs |     spmv     | return value |
|ap_ready              | out |    1| ap_ctrl_hs |     spmv     | return value |
|rowPtr_address0       | out |    3|  ap_memory |    rowPtr    |     array    |
|rowPtr_ce0            | out |    1|  ap_memory |    rowPtr    |     array    |
|rowPtr_q0             |  in |   32|  ap_memory |    rowPtr    |     array    |
|rowPtr_address1       | out |    3|  ap_memory |    rowPtr    |     array    |
|rowPtr_ce1            | out |    1|  ap_memory |    rowPtr    |     array    |
|rowPtr_q1             |  in |   32|  ap_memory |    rowPtr    |     array    |
|columnIndex_address0  | out |    4|  ap_memory |  columnIndex |     array    |
|columnIndex_ce0       | out |    1|  ap_memory |  columnIndex |     array    |
|columnIndex_q0        |  in |   32|  ap_memory |  columnIndex |     array    |
|columnIndex_address1  | out |    4|  ap_memory |  columnIndex |     array    |
|columnIndex_ce1       | out |    1|  ap_memory |  columnIndex |     array    |
|columnIndex_q1        |  in |   32|  ap_memory |  columnIndex |     array    |
|values_address0       | out |    4|  ap_memory |    values    |     array    |
|values_ce0            | out |    1|  ap_memory |    values    |     array    |
|values_q0             |  in |   32|  ap_memory |    values    |     array    |
|values_address1       | out |    4|  ap_memory |    values    |     array    |
|values_ce1            | out |    1|  ap_memory |    values    |     array    |
|values_q1             |  in |   32|  ap_memory |    values    |     array    |
|y_address0            | out |    2|  ap_memory |       y      |     array    |
|y_ce0                 | out |    1|  ap_memory |       y      |     array    |
|y_we0                 | out |    1|  ap_memory |       y      |     array    |
|y_d0                  | out |   32|  ap_memory |       y      |     array    |
|x_address0            | out |    2|  ap_memory |       x      |     array    |
|x_ce0                 | out |    1|  ap_memory |       x      |     array    |
|x_q0                  |  in |   32|  ap_memory |       x      |     array    |
|x_address1            | out |    2|  ap_memory |       x      |     array    |
|x_ce1                 | out |    1|  ap_memory |       x      |     array    |
|x_q1                  |  in |   32|  ap_memory |       x      |     array    |
+----------------------+-----+-----+------------+--------------+--------------+

