

================================================================
== Vivado HLS Report for 'blockmatmul'
================================================================
* Date:           Fri Dec 25 12:59:43 2020

* Version:        2019.2 (Build 2704478 on Wed Nov 06 22:10:23 MST 2019)
* Project:        block_matrix_multiplication
* Solution:       blocksize4
* Product family: zynq
* Target device:  xc7z020-clg484-1


================================================================
== Performance Estimates
================================================================
+ Timing: 
    * Summary: 
    +--------+----------+----------+------------+
    |  Clock |  Target  | Estimated| Uncertainty|
    +--------+----------+----------+------------+
    |ap_clk  | 10.00 ns | 8.510 ns |   1.25 ns  |
    +--------+----------+----------+------------+

+ Latency: 
    * Summary: 
    +---------+---------+-----------+-----------+------+------+----------+
    |  Latency (cycles) |   Latency (absolute)  |   Interval  | Pipeline |
    |   min   |   max   |    min    |    max    |  min |  max |   Type   |
    +---------+---------+-----------+-----------+------+------+----------+
    |     1878|     1878| 18.780 us | 18.780 us |  1878|  1878| dataflow |
    +---------+---------+-----------+-----------+------+------+----------+

    + Detail: 
        * Instance: 
        +-------------------------+----------------------+---------+---------+-----------+-----------+------+------+---------+
        |                         |                      |  Latency (cycles) |   Latency (absolute)  |   Interval  | Pipeline|
        |         Instance        |        Module        |   min   |   max   |    min    |    max    |  min |  max |   Type  |
        +-------------------------+----------------------+---------+---------+-----------+-----------+------+------+---------+
        |Loop_memset_AB_proc9_U0  |Loop_memset_AB_proc9  |     1877|     1877| 18.770 us | 18.770 us |  1877|  1877|   none  |
        |Block_proc8_U0           |Block_proc8           |        1|      225| 10.000 ns |  2.250 us |     1|   225|   none  |
        |Loop_writeoutput_pro_U0  |Loop_writeoutput_pro  |       41|       41|  0.410 us |  0.410 us |    41|    41|   none  |
        |blockmatmul_entry5_U0    |blockmatmul_entry5    |        0|        0|    0 ns   |    0 ns   |     0|     0|   none  |
        +-------------------------+----------------------+---------+---------+-----------+-----------+------+------+---------+

        * Loop: 
        N/A



================================================================
== Utilization Estimates
================================================================
* Summary: 
+-----------------+---------+-------+--------+-------+-----+
|       Name      | BRAM_18K| DSP48E|   FF   |  LUT  | URAM|
+-----------------+---------+-------+--------+-------+-----+
|DSP              |        -|      -|       -|      -|    -|
|Expression       |        -|      -|       0|     46|    -|
|FIFO             |        2|      -|      61|    104|    -|
|Instance         |        -|      3|     482|    729|    -|
|Memory           |        0|      -|      64|      8|    0|
|Multiplexer      |        -|      -|       -|     54|    -|
|Register         |        -|      -|       9|      -|    -|
+-----------------+---------+-------+--------+-------+-----+
|Total            |        2|      3|     616|    941|    0|
+-----------------+---------+-------+--------+-------+-----+
|Available        |      280|    220|  106400|  53200|    0|
+-----------------+---------+-------+--------+-------+-----+
|Utilization (%)  |    ~0   |      1|   ~0   |      1|    0|
+-----------------+---------+-------+--------+-------+-----+

+ Detail: 
    * Instance: 
    +-------------------------+----------------------+---------+-------+-----+-----+-----+
    |         Instance        |        Module        | BRAM_18K| DSP48E|  FF | LUT | URAM|
    +-------------------------+----------------------+---------+-------+-----+-----+-----+
    |Block_proc8_U0           |Block_proc8           |        0|      0|  184|  216|    0|
    |Loop_memset_AB_proc9_U0  |Loop_memset_AB_proc9  |        0|      3|  270|  380|    0|
    |Loop_writeoutput_pro_U0  |Loop_writeoutput_pro  |        0|      0|   26|  113|    0|
    |blockmatmul_entry5_U0    |blockmatmul_entry5    |        0|      0|    2|   20|    0|
    +-------------------------+----------------------+---------+-------+-----+-----+-----+
    |Total                    |                      |        0|      3|  482|  729|    0|
    +-------------------------+----------------------+---------+-------+-----+-----+-----+

    * DSP48E: 
    N/A

    * Memory: 
    +-------+----------------+---------+----+----+-----+------+-----+------+-------------+
    | Memory|     Module     | BRAM_18K| FF | LUT| URAM| Words| Bits| Banks| W*Bits*Banks|
    +-------+----------------+---------+----+----+-----+------+-----+------+-------------+
    |AB_U   |blockmatmul_AB  |        0|  64|   8|    0|    16|   32|     2|         1024|
    +-------+----------------+---------+----+----+-----+------+-----+------+-------------+
    |Total  |                |        0|  64|   8|    0|    16|   32|     2|         1024|
    +-------+----------------+---------+----+----+-----+------+-----+------+-------------+

    * FIFO: 
    +--------+---------+----+----+-----+------+-----+---------+
    |  Name  | BRAM_18K| FF | LUT| URAM| Depth| Bits| Size:D*B|
    +--------+---------+----+----+-----+------+-----+---------+
    |A_U     |        2|  56|   0|    -|   128|   32|     4096|
    |it_c_U  |        0|   5|   0|    -|     2|   32|       64|
    +--------+---------+----+----+-----+------+-----+---------+
    |Total   |        2|  61|   0|    0|   130|   64|     4160|
    +--------+---------+----+----+-----+------+-----+---------+

    * Expression: 
    +------------------------------------------+----------+-------+---+----+------------+------------+
    |               Variable Name              | Operation| DSP48E| FF| LUT| Bitwidth P0| Bitwidth P1|
    +------------------------------------------+----------+-------+---+----+------------+------------+
    |Block_proc8_U0_ap_ready_count             |     +    |      0|  0|  10|           2|           1|
    |Loop_memset_AB_proc9_U0_ap_ready_count    |     +    |      0|  0|  10|           2|           1|
    |blockmatmul_entry5_U0_ap_ready_count      |     +    |      0|  0|  10|           2|           1|
    |Block_proc8_U0_ap_start                   |    and   |      0|  0|   2|           1|           1|
    |Loop_memset_AB_proc9_U0_ap_start          |    and   |      0|  0|   2|           1|           1|
    |ap_idle                                   |    and   |      0|  0|   2|           1|           1|
    |ap_sync_ready                             |    and   |      0|  0|   2|           1|           1|
    |blockmatmul_entry5_U0_ap_start            |    and   |      0|  0|   2|           1|           1|
    |ap_sync_Block_proc8_U0_ap_ready           |    or    |      0|  0|   2|           1|           1|
    |ap_sync_Loop_memset_AB_proc9_U0_ap_ready  |    or    |      0|  0|   2|           1|           1|
    |ap_sync_blockmatmul_entry5_U0_ap_ready    |    or    |      0|  0|   2|           1|           1|
    +------------------------------------------+----------+-------+---+----+------------+------------+
    |Total                                     |          |      0|  0|  46|          14|          11|
    +------------------------------------------+----------+-------+---+----+------------+------------+

    * Multiplexer: 
    +----------------------------------------------+----+-----------+-----+-----------+
    |                     Name                     | LUT| Input Size| Bits| Total Bits|
    +----------------------------------------------+----+-----------+-----+-----------+
    |Block_proc8_U0_ap_ready_count                 |   9|          2|    2|          4|
    |Loop_memset_AB_proc9_U0_ap_ready_count        |   9|          2|    2|          4|
    |ap_sync_reg_Block_proc8_U0_ap_ready           |   9|          2|    1|          2|
    |ap_sync_reg_Loop_memset_AB_proc9_U0_ap_ready  |   9|          2|    1|          2|
    |ap_sync_reg_blockmatmul_entry5_U0_ap_ready    |   9|          2|    1|          2|
    |blockmatmul_entry5_U0_ap_ready_count          |   9|          2|    2|          4|
    +----------------------------------------------+----+-----------+-----+-----------+
    |Total                                         |  54|         12|    9|         18|
    +----------------------------------------------+----+-----------+-----+-----------+

    * Register: 
    +----------------------------------------------+---+----+-----+-----------+
    |                     Name                     | FF| LUT| Bits| Const Bits|
    +----------------------------------------------+---+----+-----+-----------+
    |Block_proc8_U0_ap_ready_count                 |  2|   0|    2|          0|
    |Loop_memset_AB_proc9_U0_ap_ready_count        |  2|   0|    2|          0|
    |ap_sync_reg_Block_proc8_U0_ap_ready           |  1|   0|    1|          0|
    |ap_sync_reg_Loop_memset_AB_proc9_U0_ap_ready  |  1|   0|    1|          0|
    |ap_sync_reg_blockmatmul_entry5_U0_ap_ready    |  1|   0|    1|          0|
    |blockmatmul_entry5_U0_ap_ready_count          |  2|   0|    2|          0|
    +----------------------------------------------+---+----+-----+-----------+
    |Total                                         |  9|   0|    9|          0|
    +----------------------------------------------+---+----+-----+-----------+



================================================================
== Interface
================================================================
* Summary: 
+------------------------+-----+-----+------------+---------------+--------------+
|        RTL Ports       | Dir | Bits|  Protocol  | Source Object |    C Type    |
+------------------------+-----+-----+------------+---------------+--------------+
|ap_clk                  |  in |    1| ap_ctrl_hs |  blockmatmul  | return value |
|ap_rst                  |  in |    1| ap_ctrl_hs |  blockmatmul  | return value |
|ap_start                |  in |    1| ap_ctrl_hs |  blockmatmul  | return value |
|ap_done                 | out |    1| ap_ctrl_hs |  blockmatmul  | return value |
|ap_ready                | out |    1| ap_ctrl_hs |  blockmatmul  | return value |
|ap_idle                 | out |    1| ap_ctrl_hs |  blockmatmul  | return value |
|Arows_V_a_0_dout        |  in |   32|   ap_fifo  |  Arows_V_a_0  |    pointer   |
|Arows_V_a_0_empty_n     |  in |    1|   ap_fifo  |  Arows_V_a_0  |    pointer   |
|Arows_V_a_0_read        | out |    1|   ap_fifo  |  Arows_V_a_0  |    pointer   |
|Arows_V_a_1_dout        |  in |   32|   ap_fifo  |  Arows_V_a_1  |    pointer   |
|Arows_V_a_1_empty_n     |  in |    1|   ap_fifo  |  Arows_V_a_1  |    pointer   |
|Arows_V_a_1_read        | out |    1|   ap_fifo  |  Arows_V_a_1  |    pointer   |
|Arows_V_a_2_dout        |  in |   32|   ap_fifo  |  Arows_V_a_2  |    pointer   |
|Arows_V_a_2_empty_n     |  in |    1|   ap_fifo  |  Arows_V_a_2  |    pointer   |
|Arows_V_a_2_read        | out |    1|   ap_fifo  |  Arows_V_a_2  |    pointer   |
|Arows_V_a_3_dout        |  in |   32|   ap_fifo  |  Arows_V_a_3  |    pointer   |
|Arows_V_a_3_empty_n     |  in |    1|   ap_fifo  |  Arows_V_a_3  |    pointer   |
|Arows_V_a_3_read        | out |    1|   ap_fifo  |  Arows_V_a_3  |    pointer   |
|Bcols_V_a_0_dout        |  in |   32|   ap_fifo  |  Bcols_V_a_0  |    pointer   |
|Bcols_V_a_0_empty_n     |  in |    1|   ap_fifo  |  Bcols_V_a_0  |    pointer   |
|Bcols_V_a_0_read        | out |    1|   ap_fifo  |  Bcols_V_a_0  |    pointer   |
|Bcols_V_a_1_dout        |  in |   32|   ap_fifo  |  Bcols_V_a_1  |    pointer   |
|Bcols_V_a_1_empty_n     |  in |    1|   ap_fifo  |  Bcols_V_a_1  |    pointer   |
|Bcols_V_a_1_read        | out |    1|   ap_fifo  |  Bcols_V_a_1  |    pointer   |
|Bcols_V_a_2_dout        |  in |   32|   ap_fifo  |  Bcols_V_a_2  |    pointer   |
|Bcols_V_a_2_empty_n     |  in |    1|   ap_fifo  |  Bcols_V_a_2  |    pointer   |
|Bcols_V_a_2_read        | out |    1|   ap_fifo  |  Bcols_V_a_2  |    pointer   |
|Bcols_V_a_3_dout        |  in |   32|   ap_fifo  |  Bcols_V_a_3  |    pointer   |
|Bcols_V_a_3_empty_n     |  in |    1|   ap_fifo  |  Bcols_V_a_3  |    pointer   |
|Bcols_V_a_3_read        | out |    1|   ap_fifo  |  Bcols_V_a_3  |    pointer   |
|ABpartial_out_address0  | out |    4|  ap_memory | ABpartial_out |     array    |
|ABpartial_out_ce0       | out |    1|  ap_memory | ABpartial_out |     array    |
|ABpartial_out_d0        | out |   32|  ap_memory | ABpartial_out |     array    |
|ABpartial_out_q0        |  in |   32|  ap_memory | ABpartial_out |     array    |
|ABpartial_out_we0       | out |    1|  ap_memory | ABpartial_out |     array    |
|ABpartial_out_address1  | out |    4|  ap_memory | ABpartial_out |     array    |
|ABpartial_out_ce1       | out |    1|  ap_memory | ABpartial_out |     array    |
|ABpartial_out_d1        | out |   32|  ap_memory | ABpartial_out |     array    |
|ABpartial_out_q1        |  in |   32|  ap_memory | ABpartial_out |     array    |
|ABpartial_out_we1       | out |    1|  ap_memory | ABpartial_out |     array    |
|it                      |  in |   32|   ap_none  |       it      |    scalar    |
+------------------------+-----+-----+------------+---------------+--------------+

